[debug] [2023-05-25T23:33:32.990Z] ----------------------------------------------------------------------
[debug] [2023-05-25T23:33:32.992Z] Command:       /Users/benjamincutler-ames/.nvm/versions/node/v18.11.0/bin/node /usr/local/bin/firebase deploy --only hosting
[debug] [2023-05-25T23:33:32.992Z] CLI Version:   11.14.1
[debug] [2023-05-25T23:33:32.993Z] Platform:      darwin
[debug] [2023-05-25T23:33:32.993Z] Node Version:  v18.11.0
[debug] [2023-05-25T23:33:32.997Z] Time:          Fri May 26 2023 00:33:32 GMT+0100 (British Summer Time)
[debug] [2023-05-25T23:33:32.997Z] ----------------------------------------------------------------------
[debug] 
[debug] [2023-05-25T23:33:33.003Z] >>> [apiv2][query] GET https://firebase-public.firebaseio.com/cli.json [none]
[debug] [2023-05-25T23:33:33.143Z] > command requires scopes: ["email","openid","https://www.googleapis.com/auth/cloudplatformprojects.readonly","https://www.googleapis.com/auth/firebase","https://www.googleapis.com/auth/cloud-platform"]
[debug] [2023-05-25T23:33:33.144Z] > authorizing via signed-in user (bencutames@gmail.com)
[debug] [2023-05-25T23:33:33.145Z] [iam] checking project bencutleramesdotcom-portfolio for permissions ["firebase.projects.get","firebasehosting.sites.update"]
[debug] [2023-05-25T23:33:33.146Z] > refreshing access token with scopes: []
[debug] [2023-05-25T23:33:33.147Z] >>> [apiv2][query] POST https://www.googleapis.com/oauth2/v3/token [none]
[debug] [2023-05-25T23:33:33.147Z] >>> [apiv2][body] POST https://www.googleapis.com/oauth2/v3/token [omitted]
[debug] [2023-05-25T23:33:33.328Z] <<< [apiv2][status] POST https://www.googleapis.com/oauth2/v3/token 400
[debug] [2023-05-25T23:33:33.331Z] <<< [apiv2][body] POST https://www.googleapis.com/oauth2/v3/token [omitted]
[debug] [2023-05-25T23:33:33.332Z] >>> [apiv2][query] POST https://cloudresourcemanager.googleapis.com/v1/projects/bencutleramesdotcom-portfolio:testIamPermissions [none]
[debug] [2023-05-25T23:33:33.333Z] >>> [apiv2][(partial)header] POST https://cloudresourcemanager.googleapis.com/v1/projects/bencutleramesdotcom-portfolio:testIamPermissions x-goog-quota-user=projects/bencutleramesdotcom-portfolio
[debug] [2023-05-25T23:33:33.334Z] >>> [apiv2][body] POST https://cloudresourcemanager.googleapis.com/v1/projects/bencutleramesdotcom-portfolio:testIamPermissions {"permissions":["firebase.projects.get","firebasehosting.sites.update"]}
[debug] [2023-05-25T23:33:33.474Z] <<< [apiv2][status] GET https://firebase-public.firebaseio.com/cli.json 200
[debug] [2023-05-25T23:33:33.476Z] <<< [apiv2][body] GET https://firebase-public.firebaseio.com/cli.json {"cloudBuildErrorAfter":1594252800000,"cloudBuildWarnAfter":1590019200000,"defaultNode10After":1594252800000,"minVersion":"3.0.5","node8DeploysDisabledAfter":1613390400000,"node8RuntimeDisabledAfter":1615809600000,"node8WarnAfter":1600128000000}
[debug] [2023-05-25T23:33:33.997Z] <<< [apiv2][status] POST https://cloudresourcemanager.googleapis.com/v1/projects/bencutleramesdotcom-portfolio:testIamPermissions 401
[debug] [2023-05-25T23:33:33.999Z] <<< [apiv2][body] POST https://cloudresourcemanager.googleapis.com/v1/projects/bencutleramesdotcom-portfolio:testIamPermissions {"error":{"code":401,"message":"Request had invalid authentication credentials. Expected OAuth 2 access token, login cookie or other valid authentication credential. See https://developers.google.com/identity/sign-in/web/devconsole-project.","status":"UNAUTHENTICATED","details":[{"@type":"type.googleapis.com/google.rpc.ErrorInfo","reason":"ACCESS_TOKEN_TYPE_UNSUPPORTED","metadata":{"service":"cloudresourcemanager.googleapis.com","method":"google.cloudresourcemanager.v1.Projects.TestIamPermissions"}}]}}
[debug] [2023-05-25T23:33:34.001Z] [iam] error while checking permissions, command may fail: FirebaseError: HTTP Error: 401, Request had invalid authentication credentials. Expected OAuth 2 access token, login cookie or other valid authentication credential. See https://developers.google.com/identity/sign-in/web/devconsole-project.
[debug] [2023-05-25T23:33:34.004Z] > refreshing access token with scopes: []
[debug] [2023-05-25T23:33:34.005Z] >>> [apiv2][query] POST https://www.googleapis.com/oauth2/v3/token [none]
[debug] [2023-05-25T23:33:34.005Z] >>> [apiv2][body] POST https://www.googleapis.com/oauth2/v3/token [omitted]
[debug] [2023-05-25T23:33:34.154Z] <<< [apiv2][status] POST https://www.googleapis.com/oauth2/v3/token 400
[debug] [2023-05-25T23:33:34.155Z] <<< [apiv2][body] POST https://www.googleapis.com/oauth2/v3/token [omitted]
[debug] [2023-05-25T23:33:34.156Z] >>> [apiv2][query] GET https://firebase.googleapis.com/v1beta1/projects/bencutleramesdotcom-portfolio [none]
[debug] [2023-05-25T23:33:34.304Z] <<< [apiv2][status] GET https://firebase.googleapis.com/v1beta1/projects/bencutleramesdotcom-portfolio 401
[debug] [2023-05-25T23:33:34.307Z] <<< [apiv2][body] GET https://firebase.googleapis.com/v1beta1/projects/bencutleramesdotcom-portfolio {"error":{"code":401,"message":"Request had invalid authentication credentials. Expected OAuth 2 access token, login cookie or other valid authentication credential. See https://developers.google.com/identity/sign-in/web/devconsole-project.","status":"UNAUTHENTICATED"}}
[debug] [2023-05-25T23:33:34.308Z] HTTP Error: 401, Request had invalid authentication credentials. Expected OAuth 2 access token, login cookie or other valid authentication credential. See https://developers.google.com/identity/sign-in/web/devconsole-project.
[debug] [2023-05-25T23:33:34.450Z] FirebaseError: HTTP Error: 401, Request had invalid authentication credentials. Expected OAuth 2 access token, login cookie or other valid authentication credential. See https://developers.google.com/identity/sign-in/web/devconsole-project.
    at responseToError (/usr/local/lib/node_modules/firebase-tools/lib/responseToError.js:49:12)
    at RetryOperation._fn (/usr/local/lib/node_modules/firebase-tools/lib/apiv2.js:288:77)
    at process.processTicksAndRejections (node:internal/process/task_queues:95:5)
[error] 
[error] Error: Failed to get Firebase project bencutleramesdotcom-portfolio. Please make sure the project exists and your account has permission to access it.
